<?xml version="1.0" encoding="UTF-8"?>
<!-- Generated by org.testng.reporters.JUnitXMLReporter -->
<testsuite ignored="0" hostname="KUMUDA" failures="0" tests="4" name="Test" time="36.663" errors="0" timestamp="2022-09-20T16:40:18 IST">
  <testcase classname="org.HRM.Doctor_test.AdminToDocTest" name="adminDocTest" time="22.62"/>
  <testcase classname="org.HRM.Doctor_test.PatSearchTest" name="patientSrchTest" time="24.446"/>
  <testcase classname="org.HRM.Doctor_test.DocToAdminPatSrchTest" name="DocPatSrch" time="30.261"/>
  <testcase classname="org.HRM.Doctor_test.DocToAdminManagePatTest" name="patientSrchTest" time="31.574"/>
</testsuite> <!-- Test -->
