<?xml version="1.0" encoding="UTF-8"?>
<testng-results ignored="0" total="1" passed="1" failed="0" skipped="0">
  <reporter-output>
  </reporter-output>
  <suite started-at="2022-09-20T16:41:37 IST" name="Default suite" finished-at="2022-09-20T16:41:43 IST" duration-ms="5913">
    <groups>
    </groups>
    <test started-at="2022-09-20T16:41:37 IST" name="Default test" finished-at="2022-09-20T16:41:43 IST" duration-ms="5913">
      <class name="org.HRM.Doctor_test.AdminToDocTest">
        <test-method is-config="true" signature="configBC()[pri:0, instance:org.HRM.Doctor_test.AdminToDocTest@29215f06]" started-at="2022-09-20T16:41:37 IST" name="configBC" finished-at="2022-09-20T16:41:39 IST" duration-ms="2209" status="PASS">
          <reporter-output>
          </reporter-output>
        </test-method> <!-- configBC -->
        <test-method signature="adminDocTest()[pri:0, instance:org.HRM.Doctor_test.AdminToDocTest@29215f06]" started-at="2022-09-20T16:41:39 IST" name="adminDocTest" finished-at="2022-09-20T16:41:42 IST" duration-ms="3252" status="PASS">
          <reporter-output>
          </reporter-output>
        </test-method> <!-- adminDocTest -->
        <test-method is-config="true" signature="configAC()[pri:0, instance:org.HRM.Doctor_test.AdminToDocTest@29215f06]" started-at="2022-09-20T16:41:42 IST" name="configAC" finished-at="2022-09-20T16:41:43 IST" duration-ms="423" status="PASS">
          <reporter-output>
          </reporter-output>
        </test-method> <!-- configAC -->
      </class> <!-- org.HRM.Doctor_test.AdminToDocTest -->
    </test> <!-- Default test -->
  </suite> <!-- Default suite -->
</testng-results>
